<?xml version="1.0" encoding="UTF-8"?>
<!-- Generated by org.testng.reporters.JUnitReportReporter -->
<testsuite hostname="Krishu" name="com.orangehrm.test.AddUserTest" tests="1" failures="0" timestamp="22 Apr 2017 03:59:58 GMT" time="51.505" errors="0">
  <testcase name="addNewUser" time="51.505" classname="com.orangehrm.test.AddUserTest"/>
</testsuite> <!-- com.orangehrm.test.AddUserTest -->
